<?xml version="1.0" encoding="UTF-8"?>
<testsuite xmlns:xsi="http://www.w3.org/2001/XMLSchema-instance" xsi:noNamespaceSchemaLocation="https://maven.apache.org/surefire/maven-surefire-plugin/xsd/surefire-test-report.xsd" name="TestSuite" time="0.21" tests="0" errors="0" skipped="0" failures="0">
  <properties>
    <property name="java.specification.version" value="19"/>
    <property name="sun.cpu.isalist" value="amd64"/>
    <property name="sun.jnu.encoding" value="Cp1252"/>
    <property name="java.class.path" value="C:\Users\krest\Desktop\RoboRally-roborally-1.1.0-java17\02324-f23-master-RoboRally-roborally-1.1.0-java17\RoboRally\roborally-1.1.0-java17\roborally\target\test-classes;C:\Users\krest\Desktop\RoboRally-roborally-1.1.0-java17\02324-f23-master-RoboRally-roborally-1.1.0-java17\RoboRally\roborally-1.1.0-java17\roborally\target\classes;C:\Users\krest\.m2\repository\org\jetbrains\annotations\13.0\annotations-13.0.jar;C:\Users\krest\.m2\repository\mysql\mysql-connector-java\8.0.11\mysql-connector-java-8.0.11.jar;C:\Users\krest\.m2\repository\com\google\protobuf\protobuf-java\2.6.0\protobuf-java-2.6.0.jar;C:\Users\krest\.m2\repository\com\google\code\gson\gson\2.8.2\gson-2.8.2.jar;C:\Users\krest\.m2\repository\com\google\guava\guava\19.0\guava-19.0.jar;C:\Users\krest\.m2\repository\org\junit\jupiter\junit-jupiter-api\5.4.2\junit-jupiter-api-5.4.2.jar;C:\Users\krest\.m2\repository\org\apiguardian\apiguardian-api\1.0.0\apiguardian-api-1.0.0.jar;C:\Users\krest\.m2\repository\org\opentest4j\opentest4j\1.1.1\opentest4j-1.1.1.jar;C:\Users\krest\.m2\repository\org\junit\platform\junit-platform-commons\1.4.2\junit-platform-commons-1.4.2.jar;C:\Users\krest\.m2\repository\org\junit\jupiter\junit-jupiter-engine\5.4.2\junit-jupiter-engine-5.4.2.jar;C:\Users\krest\.m2\repository\org\junit\platform\junit-platform-engine\1.4.2\junit-platform-engine-1.4.2.jar;C:\Users\krest\.m2\repository\org\openjfx\javafx-controls\17\javafx-controls-17.jar;C:\Users\krest\.m2\repository\org\openjfx\javafx-controls\17\javafx-controls-17-win.jar;C:\Users\krest\.m2\repository\org\openjfx\javafx-graphics\17\javafx-graphics-17.jar;C:\Users\krest\.m2\repository\org\openjfx\javafx-graphics\17\javafx-graphics-17-win.jar;C:\Users\krest\.m2\repository\org\openjfx\javafx-base\17\javafx-base-17.jar;C:\Users\krest\.m2\repository\org\openjfx\javafx-base\17\javafx-base-17-win.jar;C:\Users\krest\.m2\repository\org\openjfx\javafx-fxml\17\javafx-fxml-17.jar;C:\Users\krest\.m2\repository\org\openjfx\javafx-fxml\17\javafx-fxml-17-win.jar;C:\Users\krest\.m2\repository\org\testng\testng\7.9.0\testng-7.9.0.jar;C:\Users\krest\.m2\repository\org\slf4j\slf4j-api\1.7.36\slf4j-api-1.7.36.jar;C:\Users\krest\.m2\repository\com\beust\jcommander\1.82\jcommander-1.82.jar;C:\Users\krest\.m2\repository\org\webjars\jquery\3.7.1\jquery-3.7.1.jar;C:\Users\krest\.m2\repository\org\apache\maven\surefire\surefire-testng-utils\2.22.0\surefire-testng-utils-2.22.0.jar;C:\Users\krest\.m2\repository\org\apache\maven\surefire\surefire-grouper\2.22.0\surefire-grouper-2.22.0.jar;"/>
    <property name="java.vm.vendor" value="Oracle Corporation"/>
    <property name="sun.arch.data.model" value="64"/>
    <property name="user.variant" value=""/>
    <property name="java.vendor.url" value="https://java.oracle.com/"/>
    <property name="user.timezone" value="Europe/Copenhagen"/>
    <property name="os.name" value="Windows 10"/>
    <property name="java.vm.specification.version" value="19"/>
    <property name="sun.java.launcher" value="SUN_STANDARD"/>
    <property name="user.country" value="DK"/>
    <property name="sun.boot.library.path" value="C:\Program Files\Java\jdk-19\bin"/>
    <property name="sun.java.command" value="C:\Users\krest\AppData\Local\Temp\surefire18070934830574295828\surefirebooter12988235612606513541.jar C:\Users\krest\AppData\Local\Temp\surefire18070934830574295828 2024-03-16T15-07-22_258-jvmRun1 surefire8742850954048438447tmp surefire_012964782480558686546tmp"/>
    <property name="jdk.debug" value="release"/>
    <property name="surefire.test.class.path" value="C:\Users\krest\Desktop\RoboRally-roborally-1.1.0-java17\02324-f23-master-RoboRally-roborally-1.1.0-java17\RoboRally\roborally-1.1.0-java17\roborally\target\test-classes;C:\Users\krest\Desktop\RoboRally-roborally-1.1.0-java17\02324-f23-master-RoboRally-roborally-1.1.0-java17\RoboRally\roborally-1.1.0-java17\roborally\target\classes;C:\Users\krest\.m2\repository\org\jetbrains\annotations\13.0\annotations-13.0.jar;C:\Users\krest\.m2\repository\mysql\mysql-connector-java\8.0.11\mysql-connector-java-8.0.11.jar;C:\Users\krest\.m2\repository\com\google\protobuf\protobuf-java\2.6.0\protobuf-java-2.6.0.jar;C:\Users\krest\.m2\repository\com\google\code\gson\gson\2.8.2\gson-2.8.2.jar;C:\Users\krest\.m2\repository\com\google\guava\guava\19.0\guava-19.0.jar;C:\Users\krest\.m2\repository\org\junit\jupiter\junit-jupiter-api\5.4.2\junit-jupiter-api-5.4.2.jar;C:\Users\krest\.m2\repository\org\apiguardian\apiguardian-api\1.0.0\apiguardian-api-1.0.0.jar;C:\Users\krest\.m2\repository\org\opentest4j\opentest4j\1.1.1\opentest4j-1.1.1.jar;C:\Users\krest\.m2\repository\org\junit\platform\junit-platform-commons\1.4.2\junit-platform-commons-1.4.2.jar;C:\Users\krest\.m2\repository\org\junit\jupiter\junit-jupiter-engine\5.4.2\junit-jupiter-engine-5.4.2.jar;C:\Users\krest\.m2\repository\org\junit\platform\junit-platform-engine\1.4.2\junit-platform-engine-1.4.2.jar;C:\Users\krest\.m2\repository\org\openjfx\javafx-controls\17\javafx-controls-17.jar;C:\Users\krest\.m2\repository\org\openjfx\javafx-controls\17\javafx-controls-17-win.jar;C:\Users\krest\.m2\repository\org\openjfx\javafx-graphics\17\javafx-graphics-17.jar;C:\Users\krest\.m2\repository\org\openjfx\javafx-graphics\17\javafx-graphics-17-win.jar;C:\Users\krest\.m2\repository\org\openjfx\javafx-base\17\javafx-base-17.jar;C:\Users\krest\.m2\repository\org\openjfx\javafx-base\17\javafx-base-17-win.jar;C:\Users\krest\.m2\repository\org\openjfx\javafx-fxml\17\javafx-fxml-17.jar;C:\Users\krest\.m2\repository\org\openjfx\javafx-fxml\17\javafx-fxml-17-win.jar;C:\Users\krest\.m2\repository\org\testng\testng\7.9.0\testng-7.9.0.jar;C:\Users\krest\.m2\repository\org\slf4j\slf4j-api\1.7.36\slf4j-api-1.7.36.jar;C:\Users\krest\.m2\repository\com\beust\jcommander\1.82\jcommander-1.82.jar;C:\Users\krest\.m2\repository\org\webjars\jquery\3.7.1\jquery-3.7.1.jar;C:\Users\krest\.m2\repository\org\apache\maven\surefire\surefire-testng-utils\2.22.0\surefire-testng-utils-2.22.0.jar;C:\Users\krest\.m2\repository\org\apache\maven\surefire\surefire-grouper\2.22.0\surefire-grouper-2.22.0.jar;"/>
    <property name="sun.cpu.endian" value="little"/>
    <property name="user.home" value="C:\Users\krest"/>
    <property name="user.language" value="da"/>
    <property name="java.specification.vendor" value="Oracle Corporation"/>
    <property name="java.version.date" value="2023-01-17"/>
    <property name="java.home" value="C:\Program Files\Java\jdk-19"/>
    <property name="file.separator" value="\"/>
    <property name="basedir" value="C:\Users\krest\Desktop\RoboRally-roborally-1.1.0-java17\02324-f23-master-RoboRally-roborally-1.1.0-java17\RoboRally\roborally-1.1.0-java17\roborally"/>
    <property name="java.vm.compressedOopsMode" value="Zero based"/>
    <property name="line.separator" value="&#10;"/>
    <property name="java.vm.specification.vendor" value="Oracle Corporation"/>
    <property name="java.specification.name" value="Java Platform API Specification"/>
    <property name="surefire.real.class.path" value="C:\Users\krest\AppData\Local\Temp\surefire18070934830574295828\surefirebooter12988235612606513541.jar"/>
    <property name="user.script" value=""/>
    <property name="sun.management.compiler" value="HotSpot 64-Bit Tiered Compilers"/>
    <property name="java.runtime.version" value="19.0.2+7-44"/>
    <property name="user.name" value="krest"/>
    <property name="stdout.encoding" value="Cp1252"/>
    <property name="path.separator" value=";"/>
    <property name="os.version" value="10.0"/>
    <property name="java.runtime.name" value="Java(TM) SE Runtime Environment"/>
    <property name="file.encoding" value="UTF-8"/>
    <property name="java.vm.name" value="Java HotSpot(TM) 64-Bit Server VM"/>
    <property name="localRepository" value="C:\Users\krest\.m2\repository"/>
    <property name="java.vendor.url.bug" value="https://bugreport.java.com/bugreport/"/>
    <property name="java.io.tmpdir" value="C:\Users\krest\AppData\Local\Temp\"/>
    <property name="idea.version" value="2023.3.3"/>
    <property name="java.version" value="19.0.2"/>
    <property name="user.dir" value="C:\Users\krest\Desktop\RoboRally-roborally-1.1.0-java17\02324-f23-master-RoboRally-roborally-1.1.0-java17\RoboRally\roborally-1.1.0-java17\roborally"/>
    <property name="os.arch" value="amd64"/>
    <property name="java.vm.specification.name" value="Java Virtual Machine Specification"/>
    <property name="sun.os.patch.level" value=""/>
    <property name="native.encoding" value="Cp1252"/>
    <property name="java.library.path" value="C:\Program Files\Java\jdk-19\bin;C:\Windows\Sun\Java\bin;C:\Windows\system32;C:\Windows;C:\Program Files (x86)\VMware\VMware Player\bin\;C:\Program Files\Common Files\Oracle\Java\javapath;C:\Program Files\Eclipse Adoptium\jdk-17.0.8.101-hotspot\bin;C:\Program Files\Eclipse Adoptium\jdk-8.0.382.5-hotspot\bin;C:\Program Files\Eclipse Adoptium\jdk-11.0.19.7-hotspot\bin;C:\Windows\system32;C:\Windows;C:\Windows\System32\Wbem;C:\Windows\System32\WindowsPowerShell\v1.0\;C:\Windows\System32\OpenSSH\;C:\Program Files (x86)\NVIDIA Corporation\PhysX\Common;C:\Program Files\NVIDIA Corporation\NVIDIA NvDLISR;C:\Program Files\dotnet\;C:\Program Files\Git\cmd;C:\Program Files\apache-maven-3.9.6\bin;C:\Users\krest\AppData\Local\Microsoft\WindowsApps;C:\Users\krest\AppData\Local\Programs\Microsoft VS Code\bin;C:\Users\krest\AppData\Local\GitHubDesktop\bin;."/>
    <property name="java.vm.info" value="mixed mode, sharing"/>
    <property name="stderr.encoding" value="Cp1252"/>
    <property name="java.vendor" value="Oracle Corporation"/>
    <property name="java.vm.version" value="19.0.2+7-44"/>
    <property name="sun.io.unicode.encoding" value="UnicodeLittle"/>
    <property name="java.class.version" value="63.0"/>
  </properties>
</testsuite>